<?xml version="1.0" encoding="UTF-8"?>
<!-- Generated by org.testng.reporters.JUnitXMLReporter -->
<testsuite ignored="0" hostname="DESKTOP-CR29RVS" failures="0" tests="3" name="Surefire test" time="0.092" errors="0" timestamp="2022-04-23T09:21:17 IDT">
  <testcase classname="CITest" name="@BeforeClass beforeClass" time="0.062">
    <failure type="java.lang.IllegalStateException" message="The driver executable must exist: C:\Users\aviya\Desktop\JavaCI-main\JavaCI-main\JavaCITest\JavaCITest\XXXXXXXXXXX">
      <![CDATA[java.lang.IllegalStateException: The driver executable must exist: C:\Users\aviya\Desktop\JavaCI-main\JavaCI-main\JavaCITest\JavaCITest\XXXXXXXXXXX
at org.openqa.selenium.internal.Require$FileStateChecker.isFile(Require.java:315)
at org.openqa.selenium.remote.service.DriverService.checkExecutable(DriverService.java:147)
at org.openqa.selenium.remote.service.DriverService.findExecutable(DriverService.java:142)
at org.openqa.selenium.chrome.ChromeDriverService.access$000(ChromeDriverService.java:38)
at org.openqa.selenium.chrome.ChromeDriverService$Builder.findDefaultExecutable(ChromeDriverService.java:231)
at org.openqa.selenium.remote.service.DriverService$Builder.build(DriverService.java:437)
at org.openqa.selenium.chrome.ChromeDriverService.createDefaultService(ChromeDriverService.java:127)
at org.openqa.selenium.chrome.ChromeDriver.<init>(ChromeDriver.java:46)
at CITest.beforeClass(CITest.java:16)
at java.base/java.util.ArrayList.forEach(ArrayList.java:1507)
... Removed 30 stack frames]]>
    </failure>
  </testcase> <!-- @BeforeClass beforeClass -->
  <testcase classname="CITest" name="@AfterClass afterClass" time="-1.650694877228E9">
    <skipped/>
  </testcase> <!-- @AfterClass afterClass -->
  <testcase classname="CITest" name="test01_enterText" time="0.0">
    <skipped/>
  </testcase> <!-- test01_enterText -->
  <testcase classname="CITest" name="test02_clickButton" time="0.0">
    <skipped/>
  </testcase> <!-- test02_clickButton -->
  <testcase classname="CITest" name="test03_assertText" time="0.0">
    <skipped/>
  </testcase> <!-- test03_assertText -->
</testsuite> <!-- Surefire test -->
